<?xml version="1.0" encoding="UTF-8"?>
<!-- Generated by org.testng.reporters.JUnitReportReporter -->
<testsuite skipped="0" hostname="DESKTOP-A6JVEF9" name="Tests.Verificar_funcionamiento_media" tests="1" failures="0" timestamp="2020-11-05T14:42:07 BOT" time="0.512" errors="0">
  <testcase name="VerificarMedia" time="0.512" classname="Tests.Verificar_funcionamiento_media"/>
  <system-out/>
</testsuite> <!-- Tests.Verificar_funcionamiento_media -->
