<?xml version="1.0" encoding="UTF-8"?>
<!-- Generated by org.testng.reporters.JUnitReportReporter -->
<testsuite skipped="0" hostname="DESKTOP-A6JVEF9" name="Tests.DepartureCitySelectionTest" tests="1" failures="0" timestamp="2020-06-29T16:41:49 BOT" time="3.708" errors="0">
  <testcase name="VerifyTheDepartureCitySelection" time="3.708" classname="Tests.DepartureCitySelectionTest"/>
  <system-out/>
</testsuite> <!-- Tests.DepartureCitySelectionTest -->
