<?xml version="1.0" encoding="UTF-8"?>
<!-- Generated by org.testng.reporters.JUnitReportReporter -->
<testsuite skipped="0" hostname="DESKTOP-A6JVEF9" name="Tests.CampoValorVacio" tests="1" failures="0" timestamp="2020-11-05T14:45:21 BOT" time="0.124" errors="0">
  <testcase name="VerificarMedia" time="0.124" classname="Tests.CampoValorVacio"/>
  <system-out/>
</testsuite> <!-- Tests.CampoValorVacio -->
