<?xml version="1.0" encoding="UTF-8"?>
<!-- Generated by org.testng.reporters.JUnitReportReporter -->
<testsuite skipped="0" hostname="DESKTOP-A6JVEF9" name="Tests.DestinationCitySelectionTest" tests="1" failures="0" timestamp="2020-05-21T14:55:09 BOT" time="6.430" errors="0">
  <testcase name="VerifyTheDstinationCitySelection" time="6.430" classname="Tests.DestinationCitySelectionTest"/>
  <system-out/>
</testsuite> <!-- Tests.DestinationCitySelectionTest -->
