<?xml version="1.0" encoding="UTF-8"?>
<!-- Generated by org.testng.reporters.JUnitReportReporter -->
<testsuite skipped="0" hostname="DESKTOP-A6JVEF9" name="Tests.DestinationCitySelectionTest" tests="1" failures="0" timestamp="2020-06-29T16:39:28 BOT" time="3.598" errors="0">
  <testcase name="VerifyTheDestinationCitySelection" time="3.598" classname="Tests.DestinationCitySelectionTest"/>
  <system-out/>
</testsuite> <!-- Tests.DestinationCitySelectionTest -->
