<?xml version="1.0" encoding="UTF-8"?>
<!-- Generated by org.testng.reporters.JUnitReportReporter -->
<testsuite skipped="0" hostname="DESKTOP-A6JVEF9" name="Tests.ningun_valido" tests="1" failures="0" timestamp="2020-11-05T14:22:44 BOT" time="0.485" errors="0">
  <testcase name="VerifyTheDepartureCitySelection" time="0.485" classname="Tests.ningun_valido"/>
  <system-out/>
</testsuite> <!-- Tests.ningun_valido -->
