<?xml version="1.0" encoding="UTF-8"?>
<!-- Generated by org.testng.reporters.JUnitReportReporter -->
<testsuite skipped="0" hostname="DESKTOP-A6JVEF9" name="Tests.DestinationCitySelectionTest" tests="1" failures="0" timestamp="2020-07-02T09:08:51 BOT" time="3.650" errors="0">
  <testcase name="VerifyTheDestinationCitySelection" time="3.650" classname="Tests.DestinationCitySelectionTest"/>
  <system-out/>
</testsuite> <!-- Tests.DestinationCitySelectionTest -->
